2022-08-04 15:38:38,556 INFO org.hibernate.validator.internal.util.Version [background-preinit] HV000001: Hibernate Validator 6.2.0.Final
2022-08-04 15:38:38,556 INFO org.springframework.boot.StartupInfoLogger [main] Starting BasketballStatisticsLocationApplication using Java 11.0.15 on DESKTOP-6VR2MS0 with PID 11984 (C:\Users\Moi\Documents\Dev\experience\basketball-statistics-location\basketball-statistics-location\basketball-statistics-location-exposition\target\classes started by Moi in C:\Users\Moi\Documents\Dev\experience\basketball-statistics-location\basketball-statistics-location\basketball-statistics-location-exposition)
2022-08-04 15:38:38,564 DEBUG org.springframework.boot.StartupInfoLogger [main] Running with Spring Boot v2.5.8, Spring v5.3.14
2022-08-04 15:38:38,564 INFO org.springframework.boot.SpringApplication [main] The following profiles are active: dev
2022-08-04 15:38:39,131 INFO org.springframework.data.repository.config.RepositoryConfigurationDelegate [main] Bootstrapping Spring Data JPA repositories in DEFAULT mode.
2022-08-04 15:38:39,373 INFO org.springframework.data.repository.config.RepositoryConfigurationDelegate [main] Finished Spring Data repository scanning in 233 ms. Found 4 JPA repository interfaces.
2022-08-04 15:38:39,792 INFO org.springframework.boot.web.embedded.tomcat.TomcatWebServer [main] Tomcat initialized with port(s): 8082 (http)
2022-08-04 15:38:39,801 INFO org.apache.juli.logging.DirectJDKLog [main] Initializing ProtocolHandler ["http-nio-8082"]
2022-08-04 15:38:39,801 INFO org.apache.juli.logging.DirectJDKLog [main] Starting service [Tomcat]
2022-08-04 15:38:39,801 INFO org.apache.juli.logging.DirectJDKLog [main] Starting Servlet engine: [Apache Tomcat/9.0.56]
2022-08-04 15:38:39,889 INFO org.apache.juli.logging.DirectJDKLog [main] Initializing Spring embedded WebApplicationContext
2022-08-04 15:38:39,889 INFO org.springframework.boot.web.servlet.context.ServletWebServerApplicationContext [main] Root WebApplicationContext: initialization completed in 1294 ms
2022-08-04 15:38:40,017 INFO org.hibernate.jpa.internal.util.LogHelper [main] HHH000204: Processing PersistenceUnitInfo [name: default]
2022-08-04 15:38:40,080 INFO org.hibernate.Version [main] HHH000412: Hibernate ORM core version 5.4.33
2022-08-04 15:38:40,241 INFO org.hibernate.annotations.common.reflection.java.JavaReflectionManager [main] HCANN000001: Hibernate Commons Annotations {5.1.2.Final}
2022-08-04 15:38:40,365 INFO com.zaxxer.hikari.HikariDataSource [main] HikariPool-1 - Starting...
2022-08-04 15:38:40,803 INFO com.zaxxer.hikari.HikariDataSource [main] HikariPool-1 - Start completed.
2022-08-04 15:38:40,852 INFO org.hibernate.dialect.Dialect [main] HHH000400: Using dialect: org.hibernate.dialect.MySQL55Dialect
2022-08-04 15:38:41,792 INFO org.hibernate.engine.transaction.jta.platform.internal.JtaPlatformInitiator [main] HHH000490: Using JtaPlatform implementation: [org.hibernate.engine.transaction.jta.platform.internal.NoJtaPlatform]
2022-08-04 15:38:41,804 INFO org.springframework.orm.jpa.AbstractEntityManagerFactoryBean [main] Initialized JPA EntityManagerFactory for persistence unit 'default'
2022-08-04 15:38:42,323 WARN org.springframework.boot.autoconfigure.orm.jpa.JpaBaseConfiguration$JpaWebConfiguration [main] spring.jpa.open-in-view is enabled by default. Therefore, database queries may be performed during view rendering. Explicitly configure spring.jpa.open-in-view to disable this warning
2022-08-04 15:38:42,638 INFO org.apache.juli.logging.DirectJDKLog [main] Starting ProtocolHandler ["http-nio-8082"]
2022-08-04 15:38:42,653 INFO org.springframework.boot.web.embedded.tomcat.TomcatWebServer [main] Tomcat started on port(s): 8082 (http) with context path ''
2022-08-04 15:38:42,660 INFO org.springframework.boot.StartupInfoLogger [main] Started BasketballStatisticsLocationApplication in 4.494 seconds (JVM running for 5.046)
2022-08-04 15:38:42,664 INFO fr.bsm.location.BasketballStatisticsLocationApplication [main] 
----------------------------------------------------------
	Application 'Basketball-Statistics-Location' is running! Access URLs:
	Local: 		http://localhost:8082/swagger-ui/
	External: 	http://192.168.1.37:8082/swagger-ui/
	Profile(s): 	[dev]
----------------------------------------------------------
2022-08-04 15:39:08,941 INFO org.springframework.boot.admin.SpringApplicationAdminMXBeanRegistrar$SpringApplicationAdmin [RMI TCP Connection(10)-127.0.0.1] Application shutdown requested.
